Analysis & Synthesis report for ControlPatternLength
Fri May 07 13:33:30 2021
Quartus Prime Version 20.1.1 Build 720 11/11/2020 SJ Lite Edition


---------------------
; Table of Contents ;
---------------------
  1. Legal Notice
  2. Analysis & Synthesis Summary
  3. Analysis & Synthesis Settings
  4. Parallel Compilation
  5. Analysis & Synthesis Source Files Read
  6. Analysis & Synthesis Resource Usage Summary
  7. Analysis & Synthesis Resource Utilization by Entity
  8. Logic Cells Representing Combinational Loops
  9. Registers Removed During Synthesis
 10. General Register Statistics
 11. Multiplexer Restructuring Statistics (Restructuring Performed)
 12. Analysis & Synthesis Messages
 13. Analysis & Synthesis Suppressed Messages



----------------
; Legal Notice ;
----------------
Copyright (C) 2020  Intel Corporation. All rights reserved.
Your use of Intel Corporation's design tools, logic functions 
and other software and tools, and any partner logic 
functions, and any output files from any of the foregoing 
(including device programming or simulation files), and any 
associated documentation or information are expressly subject 
to the terms and conditions of the Intel Program License 
Subscription Agreement, the Intel Quartus Prime License Agreement,
the Intel FPGA IP License Agreement, or other applicable license
agreement, including, without limitation, that your use is for
the sole purpose of programming logic devices manufactured by
Intel and sold by Intel or its authorized distributors.  Please
refer to the applicable agreement for further details, at
https://fpgasoftware.intel.com/eula.



+---------------------------------------------------------------------------+
; Analysis & Synthesis Summary                                              ;
+-----------------------------+---------------------------------------------+
; Analysis & Synthesis Status ; Successful - Fri May 07 13:33:30 2021       ;
; Quartus Prime Version       ; 20.1.1 Build 720 11/11/2020 SJ Lite Edition ;
; Revision Name               ; ControlPatternLength                        ;
; Top-level Entity Name       ; mainCircuit                                 ;
; Family                      ; MAX II                                      ;
; Total logic elements        ; 49                                          ;
; Total pins                  ; 20                                          ;
; Total virtual pins          ; 0                                           ;
; UFM blocks                  ; 0 / 1 ( 0 % )                               ;
+-----------------------------+---------------------------------------------+


+--------------------------------------------------------------------------------------------------------------+
; Analysis & Synthesis Settings                                                                                ;
+------------------------------------------------------------------+--------------------+----------------------+
; Option                                                           ; Setting            ; Default Value        ;
+------------------------------------------------------------------+--------------------+----------------------+
; Device                                                           ; EPM240T100C5       ;                      ;
; Top-level entity name                                            ; mainCircuit        ; ControlPatternLength ;
; Family name                                                      ; MAX II             ; Cyclone V            ;
; Use smart compilation                                            ; Off                ; Off                  ;
; Enable parallel Assembler and Timing Analyzer during compilation ; On                 ; On                   ;
; Enable compact report table                                      ; Off                ; Off                  ;
; Restructure Multiplexers                                         ; Auto               ; Auto                 ;
; Create Debugging Nodes for IP Cores                              ; Off                ; Off                  ;
; Preserve fewer node names                                        ; On                 ; On                   ;
; Intel FPGA IP Evaluation Mode                                    ; Enable             ; Enable               ;
; Verilog Version                                                  ; Verilog_2001       ; Verilog_2001         ;
; VHDL Version                                                     ; VHDL_1993          ; VHDL_1993            ;
; State Machine Processing                                         ; Auto               ; Auto                 ;
; Safe State Machine                                               ; Off                ; Off                  ;
; Extract Verilog State Machines                                   ; On                 ; On                   ;
; Extract VHDL State Machines                                      ; On                 ; On                   ;
; Ignore Verilog initial constructs                                ; Off                ; Off                  ;
; Iteration limit for constant Verilog loops                       ; 5000               ; 5000                 ;
; Iteration limit for non-constant Verilog loops                   ; 250                ; 250                  ;
; Add Pass-Through Logic to Inferred RAMs                          ; On                 ; On                   ;
; Infer RAMs from Raw Logic                                        ; On                 ; On                   ;
; Parallel Synthesis                                               ; On                 ; On                   ;
; NOT Gate Push-Back                                               ; On                 ; On                   ;
; Power-Up Don't Care                                              ; On                 ; On                   ;
; Remove Redundant Logic Cells                                     ; Off                ; Off                  ;
; Remove Duplicate Registers                                       ; On                 ; On                   ;
; Ignore CARRY Buffers                                             ; Off                ; Off                  ;
; Ignore CASCADE Buffers                                           ; Off                ; Off                  ;
; Ignore GLOBAL Buffers                                            ; Off                ; Off                  ;
; Ignore ROW GLOBAL Buffers                                        ; Off                ; Off                  ;
; Ignore LCELL Buffers                                             ; Off                ; Off                  ;
; Ignore SOFT Buffers                                              ; On                 ; On                   ;
; Limit AHDL Integers to 32 Bits                                   ; Off                ; Off                  ;
; Optimization Technique                                           ; Balanced           ; Balanced             ;
; Carry Chain Length                                               ; 70                 ; 70                   ;
; Auto Carry Chains                                                ; On                 ; On                   ;
; Auto Open-Drain Pins                                             ; On                 ; On                   ;
; Perform WYSIWYG Primitive Resynthesis                            ; Off                ; Off                  ;
; Auto Shift Register Replacement                                  ; Auto               ; Auto                 ;
; Allow Shift Register Merging across Hierarchies                  ; Auto               ; Auto                 ;
; Auto Clock Enable Replacement                                    ; On                 ; On                   ;
; Allow Synchronous Control Signals                                ; On                 ; On                   ;
; Force Use of Synchronous Clear Signals                           ; Off                ; Off                  ;
; Auto Resource Sharing                                            ; Off                ; Off                  ;
; Use LogicLock Constraints during Resource Balancing              ; On                 ; On                   ;
; Ignore translate_off and synthesis_off directives                ; Off                ; Off                  ;
; Report Parameter Settings                                        ; On                 ; On                   ;
; Report Source Assignments                                        ; On                 ; On                   ;
; Report Connectivity Checks                                       ; On                 ; On                   ;
; Ignore Maximum Fan-Out Assignments                               ; Off                ; Off                  ;
; Synchronization Register Chain Length                            ; 2                  ; 2                    ;
; Power Optimization During Synthesis                              ; Normal compilation ; Normal compilation   ;
; HDL message level                                                ; Level2             ; Level2               ;
; Suppress Register Optimization Related Messages                  ; Off                ; Off                  ;
; Number of Removed Registers Reported in Synthesis Report         ; 5000               ; 5000                 ;
; Number of Swept Nodes Reported in Synthesis Report               ; 5000               ; 5000                 ;
; Number of Inverted Registers Reported in Synthesis Report        ; 100                ; 100                  ;
; Clock MUX Protection                                             ; On                 ; On                   ;
; Block Design Naming                                              ; Auto               ; Auto                 ;
; Synthesis Effort                                                 ; Auto               ; Auto                 ;
; Shift Register Replacement - Allow Asynchronous Clear Signal     ; On                 ; On                   ;
; Analysis & Synthesis Message Level                               ; Medium             ; Medium               ;
; Disable Register Merging Across Hierarchies                      ; Auto               ; Auto                 ;
+------------------------------------------------------------------+--------------------+----------------------+


+------------------------------------------+
; Parallel Compilation                     ;
+----------------------------+-------------+
; Processors                 ; Number      ;
+----------------------------+-------------+
; Number detected on machine ; 4           ;
; Maximum allowed            ; 4           ;
;                            ;             ;
; Average used               ; 1.00        ;
; Maximum used               ; 1           ;
;                            ;             ;
; Usage by Processor         ; % Time Used ;
;     Processor 1            ; 100.0%      ;
+----------------------------+-------------+


+----------------------------------------------------------------------------------------------------------------------------------------------+
; Analysis & Synthesis Source Files Read                                                                                                       ;
+----------------------------------+-----------------+------------------------+------------------------------------------------------+---------+
; File Name with User-Entered Path ; Used in Netlist ; File Type              ; File Name with Absolute Path                         ; Library ;
+----------------------------------+-----------------+------------------------+------------------------------------------------------+---------+
; mainCircuit.v                    ; yes             ; User Verilog HDL File  ; C:/Users/User/Desktop/PBL.Circuito/mainCircuit.v     ;         ;
; controlOutputAC.v                ; yes             ; User Verilog HDL File  ; C:/Users/User/Desktop/PBL.Circuito/controlOutputAC.v ;         ;
; controlOutputCO.v                ; yes             ; User Verilog HDL File  ; C:/Users/User/Desktop/PBL.Circuito/controlOutputCO.v ;         ;
; controlOutputRE.v                ; yes             ; User Verilog HDL File  ; C:/Users/User/Desktop/PBL.Circuito/controlOutputRE.v ;         ;
; controlOutputAL.v                ; yes             ; User Verilog HDL File  ; C:/Users/User/Desktop/PBL.Circuito/controlOutputAL.v ;         ;
; controlMatriz.v                  ; yes             ; User Verilog HDL File  ; C:/Users/User/Desktop/PBL.Circuito/controlMatriz.v   ;         ;
+----------------------------------+-----------------+------------------------+------------------------------------------------------+---------+


+-----------------------------------------------------+
; Analysis & Synthesis Resource Usage Summary         ;
+---------------------------------------------+-------+
; Resource                                    ; Usage ;
+---------------------------------------------+-------+
; Total logic elements                        ; 49    ;
;     -- Combinational with no register       ; 10    ;
;     -- Register only                        ; 0     ;
;     -- Combinational with a register        ; 39    ;
;                                             ;       ;
; Logic element usage by number of LUT inputs ;       ;
;     -- 4 input functions                    ; 5     ;
;     -- 3 input functions                    ; 16    ;
;     -- 2 input functions                    ; 25    ;
;     -- 1 input functions                    ; 3     ;
;     -- 0 input functions                    ; 0     ;
;                                             ;       ;
; Logic elements by mode                      ;       ;
;     -- normal mode                          ; 25    ;
;     -- arithmetic mode                      ; 24    ;
;     -- qfbk mode                            ; 0     ;
;     -- register cascade mode                ; 0     ;
;     -- synchronous clear/load mode          ; 0     ;
;     -- asynchronous clear/load mode         ; 0     ;
;                                             ;       ;
; Total registers                             ; 39    ;
; Total logic cells in carry chains           ; 25    ;
; I/O pins                                    ; 20    ;
; Maximum fan-out node                        ; clk   ;
; Maximum fan-out                             ; 26    ;
; Total fan-out                               ; 184   ;
; Average fan-out                             ; 2.67  ;
+---------------------------------------------+-------+


+---------------------------------------------------------------------------------------------------------------------------------------------------------------------------------------------------------------------------------------------------------------+
; Analysis & Synthesis Resource Utilization by Entity                                                                                                                                                                                                           ;
+--------------------------------+-------------+--------------+------------+------+--------------+--------------+-------------------+------------------+-----------------+------------+----------------------------------------+-----------------+--------------+
; Compilation Hierarchy Node     ; Logic Cells ; LC Registers ; UFM Blocks ; Pins ; Virtual Pins ; LUT-Only LCs ; Register-Only LCs ; LUT/Register LCs ; Carry Chain LCs ; Packed LCs ; Full Hierarchy Name                    ; Entity Name     ; Library Name ;
+--------------------------------+-------------+--------------+------------+------+--------------+--------------+-------------------+------------------+-----------------+------------+----------------------------------------+-----------------+--------------+
; |mainCircuit                   ; 49 (0)      ; 39           ; 0          ; 20   ; 0            ; 10 (0)       ; 0 (0)             ; 39 (0)           ; 25 (0)          ; 0 (0)      ; |mainCircuit                           ; mainCircuit     ; work         ;
;    |controlMatriz:comb_3|      ; 45 (45)     ; 39           ; 0          ; 0    ; 0            ; 6 (6)        ; 0 (0)             ; 39 (39)          ; 25 (25)         ; 0 (0)      ; |mainCircuit|controlMatriz:comb_3      ; controlMatriz   ; work         ;
;    |controlOutputAC:act_inst|  ; 1 (1)       ; 0            ; 0          ; 0    ; 0            ; 1 (1)        ; 0 (0)             ; 0 (0)            ; 0 (0)           ; 0 (0)      ; |mainCircuit|controlOutputAC:act_inst  ; controlOutputAC ; work         ;
;    |controlOutputAL:comb_4|    ; 1 (1)       ; 0            ; 0          ; 0    ; 0            ; 1 (1)        ; 0 (0)             ; 0 (0)            ; 0 (0)           ; 0 (0)      ; |mainCircuit|controlOutputAL:comb_4    ; controlOutputAL ; work         ;
;    |controlOutputCO:cptd_inst| ; 2 (2)       ; 0            ; 0          ; 0    ; 0            ; 2 (2)        ; 0 (0)             ; 0 (0)            ; 0 (0)           ; 0 (0)      ; |mainCircuit|controlOutputCO:cptd_inst ; controlOutputCO ; work         ;
+--------------------------------+-------------+--------------+------------+------+--------------+--------------+-------------------+------------------+-----------------+------------+----------------------------------------+-----------------+--------------+
Note: For table entries with two numbers listed, the numbers in parentheses indicate the number of resources of the given type used by the specific entity alone. The numbers listed outside of parentheses indicate the total resources of the given type used by the specific entity and all of its sub-entities in the hierarchy.


+------------------------------------------------------------+
; Logic Cells Representing Combinational Loops               ;
+--------------------------------------------------------+---+
; Logic Cell Name                                        ;   ;
+--------------------------------------------------------+---+
; controlMatriz:comb_3|img_SE[0][3]~1                    ;   ;
; controlMatriz:comb_3|img_SE[0][2]~2                    ;   ;
; controlMatriz:comb_3|img_SE[0][1]~3                    ;   ;
; Number of logic cells representing combinational loops ; 3 ;
+--------------------------------------------------------+---+
Note: All cells listed above may not be present at the end of synthesis due to various synthesis optimizations.


+--------------------------------------------------------------------------------+
; Registers Removed During Synthesis                                             ;
+---------------------------------------+----------------------------------------+
; Register name                         ; Reason for Removal                     ;
+---------------------------------------+----------------------------------------+
; controlMatriz:comb_3|COLUNA[0,4]      ; Stuck at GND due to stuck port data_in ;
; Total Number of Removed Registers = 2 ;                                        ;
+---------------------------------------+----------------------------------------+


+------------------------------------------------------+
; General Register Statistics                          ;
+----------------------------------------------+-------+
; Statistic                                    ; Value ;
+----------------------------------------------+-------+
; Total registers                              ; 39    ;
; Number of registers using Synchronous Clear  ; 0     ;
; Number of registers using Synchronous Load   ; 0     ;
; Number of registers using Asynchronous Clear ; 0     ;
; Number of registers using Asynchronous Load  ; 0     ;
; Number of registers using Clock Enable       ; 13    ;
; Number of registers using Preset             ; 0     ;
+----------------------------------------------+-------+


+--------------------------------------------------------------------------------------------------------------------------------------------------------------+
; Multiplexer Restructuring Statistics (Restructuring Performed)                                                                                               ;
+--------------------+-----------+---------------+----------------------+------------------------+------------+------------------------------------------------+
; Multiplexer Inputs ; Bus Width ; Baseline Area ; Area if Restructured ; Saving if Restructured ; Registered ; Example Multiplexer Output                     ;
+--------------------+-----------+---------------+----------------------+------------------------+------------+------------------------------------------------+
; 7:1                ; 5 bits    ; 20 LEs        ; 20 LEs               ; 0 LEs                  ; Yes        ; |mainCircuit|controlMatriz:comb_3|COLUNA[4]    ;
; 9:1                ; 33 bits   ; 198 LEs       ; 99 LEs               ; 99 LEs                 ; No         ; |mainCircuit|controlMatriz:comb_3|img_SE[3][4] ;
; 11:1               ; 2 bits    ; 14 LEs        ; 8 LEs                ; 6 LEs                  ; No         ; |mainCircuit|controlMatriz:comb_3|img_SE[4][2] ;
+--------------------+-----------+---------------+----------------------+------------------------+------------+------------------------------------------------+


+-------------------------------+
; Analysis & Synthesis Messages ;
+-------------------------------+
Info: *******************************************************************
Info: Running Quartus Prime Analysis & Synthesis
    Info: Version 20.1.1 Build 720 11/11/2020 SJ Lite Edition
    Info: Processing started: Fri May 07 13:33:18 2021
Info: Command: quartus_map --read_settings_files=on --write_settings_files=off ControlPatternLength -c ControlPatternLength
Warning (18236): Number of processors has not been specified which may cause overloading on shared machines.  Set the global assignment NUM_PARALLEL_PROCESSORS in your QSF to an appropriate value for best performance.
Info (20030): Parallel compilation is enabled and will use 4 of the 4 processors detected
Info (12021): Found 1 design units, including 1 entities, in source file maincircuit.v
    Info (12023): Found entity 1: mainCircuit File: C:/Users/User/Desktop/PBL.Circuito/mainCircuit.v Line: 1
Info (12021): Found 1 design units, including 1 entities, in source file controloutputac.v
    Info (12023): Found entity 1: controlOutputAC File: C:/Users/User/Desktop/PBL.Circuito/controlOutputAC.v Line: 1
Info (12021): Found 1 design units, including 1 entities, in source file controloutputco.v
    Info (12023): Found entity 1: controlOutputCO File: C:/Users/User/Desktop/PBL.Circuito/controlOutputCO.v Line: 1
Info (12021): Found 1 design units, including 1 entities, in source file controloutputre.v
    Info (12023): Found entity 1: controlOutputRE File: C:/Users/User/Desktop/PBL.Circuito/controlOutputRE.v Line: 1
Info (12021): Found 1 design units, including 1 entities, in source file controloutputal.v
    Info (12023): Found entity 1: controlOutputAL File: C:/Users/User/Desktop/PBL.Circuito/controlOutputAL.v Line: 1
Info (12021): Found 1 design units, including 1 entities, in source file controlmatriz.v
    Info (12023): Found entity 1: controlMatriz File: C:/Users/User/Desktop/PBL.Circuito/controlMatriz.v Line: 1
Critical Warning (10846): Verilog HDL Instantiation warning at mainCircuit.v(54): instance has no name File: C:/Users/User/Desktop/PBL.Circuito/mainCircuit.v Line: 54
Critical Warning (10846): Verilog HDL Instantiation warning at mainCircuit.v(56): instance has no name File: C:/Users/User/Desktop/PBL.Circuito/mainCircuit.v Line: 56
Info (12127): Elaborating entity "mainCircuit" for the top level hierarchy
Info (12128): Elaborating entity "controlOutputAC" for hierarchy "controlOutputAC:act_inst" File: C:/Users/User/Desktop/PBL.Circuito/mainCircuit.v Line: 26
Info (12128): Elaborating entity "controlOutputCO" for hierarchy "controlOutputCO:cptd_inst" File: C:/Users/User/Desktop/PBL.Circuito/mainCircuit.v Line: 35
Info (12128): Elaborating entity "controlOutputRE" for hierarchy "controlOutputRE:rgtd_inst" File: C:/Users/User/Desktop/PBL.Circuito/mainCircuit.v Line: 43
Info (12128): Elaborating entity "controlMatriz" for hierarchy "controlMatriz:comb_3" File: C:/Users/User/Desktop/PBL.Circuito/mainCircuit.v Line: 54
Warning (10270): Verilog HDL Case Statement warning at controlMatriz.v(48): incomplete case statement has no default case item File: C:/Users/User/Desktop/PBL.Circuito/controlMatriz.v Line: 48
Info (10264): Verilog HDL Case Statement information at controlMatriz.v(48): all case item expressions in this case statement are onehot File: C:/Users/User/Desktop/PBL.Circuito/controlMatriz.v Line: 48
Warning (10240): Verilog HDL Always Construct warning at controlMatriz.v(47): inferring latch(es) for variable "img_ini", which holds its previous value in one or more paths through the always construct File: C:/Users/User/Desktop/PBL.Circuito/controlMatriz.v Line: 47
Warning (10240): Verilog HDL Always Construct warning at controlMatriz.v(47): inferring latch(es) for variable "i", which holds its previous value in one or more paths through the always construct File: C:/Users/User/Desktop/PBL.Circuito/controlMatriz.v Line: 47
Warning (10230): Verilog HDL assignment warning at controlMatriz.v(107): truncated value with size 32 to match size of target (26) File: C:/Users/User/Desktop/PBL.Circuito/controlMatriz.v Line: 107
Warning (10230): Verilog HDL assignment warning at controlMatriz.v(118): truncated value with size 32 to match size of target (3) File: C:/Users/User/Desktop/PBL.Circuito/controlMatriz.v Line: 118
Info (10041): Inferred latch for "img_SE[6][4]" at controlMatriz.v(91) File: C:/Users/User/Desktop/PBL.Circuito/controlMatriz.v Line: 91
Info (10041): Inferred latch for "img_SE[6][3]" at controlMatriz.v(91) File: C:/Users/User/Desktop/PBL.Circuito/controlMatriz.v Line: 91
Info (10041): Inferred latch for "img_SE[6][2]" at controlMatriz.v(91) File: C:/Users/User/Desktop/PBL.Circuito/controlMatriz.v Line: 91
Info (10041): Inferred latch for "img_SE[6][1]" at controlMatriz.v(91) File: C:/Users/User/Desktop/PBL.Circuito/controlMatriz.v Line: 91
Info (10041): Inferred latch for "img_SE[6][0]" at controlMatriz.v(91) File: C:/Users/User/Desktop/PBL.Circuito/controlMatriz.v Line: 91
Info (10041): Inferred latch for "img_SE[5][4]" at controlMatriz.v(91) File: C:/Users/User/Desktop/PBL.Circuito/controlMatriz.v Line: 91
Info (10041): Inferred latch for "img_SE[5][3]" at controlMatriz.v(91) File: C:/Users/User/Desktop/PBL.Circuito/controlMatriz.v Line: 91
Info (10041): Inferred latch for "img_SE[5][2]" at controlMatriz.v(91) File: C:/Users/User/Desktop/PBL.Circuito/controlMatriz.v Line: 91
Info (10041): Inferred latch for "img_SE[5][1]" at controlMatriz.v(91) File: C:/Users/User/Desktop/PBL.Circuito/controlMatriz.v Line: 91
Info (10041): Inferred latch for "img_SE[5][0]" at controlMatriz.v(91) File: C:/Users/User/Desktop/PBL.Circuito/controlMatriz.v Line: 91
Info (10041): Inferred latch for "img_SE[4][4]" at controlMatriz.v(91) File: C:/Users/User/Desktop/PBL.Circuito/controlMatriz.v Line: 91
Info (10041): Inferred latch for "img_SE[4][3]" at controlMatriz.v(91) File: C:/Users/User/Desktop/PBL.Circuito/controlMatriz.v Line: 91
Info (10041): Inferred latch for "img_SE[4][2]" at controlMatriz.v(91) File: C:/Users/User/Desktop/PBL.Circuito/controlMatriz.v Line: 91
Info (10041): Inferred latch for "img_SE[4][1]" at controlMatriz.v(91) File: C:/Users/User/Desktop/PBL.Circuito/controlMatriz.v Line: 91
Info (10041): Inferred latch for "img_SE[4][0]" at controlMatriz.v(91) File: C:/Users/User/Desktop/PBL.Circuito/controlMatriz.v Line: 91
Info (10041): Inferred latch for "img_SE[3][4]" at controlMatriz.v(91) File: C:/Users/User/Desktop/PBL.Circuito/controlMatriz.v Line: 91
Info (10041): Inferred latch for "img_SE[3][3]" at controlMatriz.v(91) File: C:/Users/User/Desktop/PBL.Circuito/controlMatriz.v Line: 91
Info (10041): Inferred latch for "img_SE[3][2]" at controlMatriz.v(91) File: C:/Users/User/Desktop/PBL.Circuito/controlMatriz.v Line: 91
Info (10041): Inferred latch for "img_SE[3][1]" at controlMatriz.v(91) File: C:/Users/User/Desktop/PBL.Circuito/controlMatriz.v Line: 91
Info (10041): Inferred latch for "img_SE[3][0]" at controlMatriz.v(91) File: C:/Users/User/Desktop/PBL.Circuito/controlMatriz.v Line: 91
Info (10041): Inferred latch for "img_SE[2][4]" at controlMatriz.v(91) File: C:/Users/User/Desktop/PBL.Circuito/controlMatriz.v Line: 91
Info (10041): Inferred latch for "img_SE[2][3]" at controlMatriz.v(91) File: C:/Users/User/Desktop/PBL.Circuito/controlMatriz.v Line: 91
Info (10041): Inferred latch for "img_SE[2][2]" at controlMatriz.v(91) File: C:/Users/User/Desktop/PBL.Circuito/controlMatriz.v Line: 91
Info (10041): Inferred latch for "img_SE[2][1]" at controlMatriz.v(91) File: C:/Users/User/Desktop/PBL.Circuito/controlMatriz.v Line: 91
Info (10041): Inferred latch for "img_SE[2][0]" at controlMatriz.v(91) File: C:/Users/User/Desktop/PBL.Circuito/controlMatriz.v Line: 91
Info (10041): Inferred latch for "img_SE[1][4]" at controlMatriz.v(91) File: C:/Users/User/Desktop/PBL.Circuito/controlMatriz.v Line: 91
Info (10041): Inferred latch for "img_SE[1][3]" at controlMatriz.v(91) File: C:/Users/User/Desktop/PBL.Circuito/controlMatriz.v Line: 91
Info (10041): Inferred latch for "img_SE[1][2]" at controlMatriz.v(91) File: C:/Users/User/Desktop/PBL.Circuito/controlMatriz.v Line: 91
Info (10041): Inferred latch for "img_SE[1][1]" at controlMatriz.v(91) File: C:/Users/User/Desktop/PBL.Circuito/controlMatriz.v Line: 91
Info (10041): Inferred latch for "img_SE[1][0]" at controlMatriz.v(91) File: C:/Users/User/Desktop/PBL.Circuito/controlMatriz.v Line: 91
Info (10041): Inferred latch for "img_SE[0][4]" at controlMatriz.v(91) File: C:/Users/User/Desktop/PBL.Circuito/controlMatriz.v Line: 91
Info (10041): Inferred latch for "img_SE[0][3]" at controlMatriz.v(91) File: C:/Users/User/Desktop/PBL.Circuito/controlMatriz.v Line: 91
Info (10041): Inferred latch for "img_SE[0][2]" at controlMatriz.v(91) File: C:/Users/User/Desktop/PBL.Circuito/controlMatriz.v Line: 91
Info (10041): Inferred latch for "img_SE[0][1]" at controlMatriz.v(91) File: C:/Users/User/Desktop/PBL.Circuito/controlMatriz.v Line: 91
Info (10041): Inferred latch for "img_SE[0][0]" at controlMatriz.v(91) File: C:/Users/User/Desktop/PBL.Circuito/controlMatriz.v Line: 91
Info (12128): Elaborating entity "controlOutputAL" for hierarchy "controlOutputAL:comb_4" File: C:/Users/User/Desktop/PBL.Circuito/mainCircuit.v Line: 56
Warning (14026): LATCH primitive "controlMatriz:comb_3|img_SE[0][4]" is permanently enabled File: C:/Users/User/Desktop/PBL.Circuito/controlMatriz.v Line: 91
Warning (14026): LATCH primitive "controlMatriz:comb_3|img_SE[1][4]" is permanently enabled File: C:/Users/User/Desktop/PBL.Circuito/controlMatriz.v Line: 91
Warning (14026): LATCH primitive "controlMatriz:comb_3|img_SE[2][4]" is permanently enabled File: C:/Users/User/Desktop/PBL.Circuito/controlMatriz.v Line: 91
Warning (14026): LATCH primitive "controlMatriz:comb_3|img_SE[3][4]" is permanently enabled File: C:/Users/User/Desktop/PBL.Circuito/controlMatriz.v Line: 91
Warning (14026): LATCH primitive "controlMatriz:comb_3|img_SE[6][4]" is permanently enabled File: C:/Users/User/Desktop/PBL.Circuito/controlMatriz.v Line: 91
Warning (14026): LATCH primitive "controlMatriz:comb_3|img_SE[4][4]" is permanently enabled File: C:/Users/User/Desktop/PBL.Circuito/controlMatriz.v Line: 91
Warning (14026): LATCH primitive "controlMatriz:comb_3|img_SE[5][4]" is permanently enabled File: C:/Users/User/Desktop/PBL.Circuito/controlMatriz.v Line: 91
Warning (14026): LATCH primitive "controlMatriz:comb_3|img_SE[0][3]" is permanently enabled File: C:/Users/User/Desktop/PBL.Circuito/controlMatriz.v Line: 91
Warning (14026): LATCH primitive "controlMatriz:comb_3|img_SE[1][3]" is permanently enabled File: C:/Users/User/Desktop/PBL.Circuito/controlMatriz.v Line: 91
Warning (14026): LATCH primitive "controlMatriz:comb_3|img_SE[2][3]" is permanently enabled File: C:/Users/User/Desktop/PBL.Circuito/controlMatriz.v Line: 91
Warning (14026): LATCH primitive "controlMatriz:comb_3|img_SE[3][3]" is permanently enabled File: C:/Users/User/Desktop/PBL.Circuito/controlMatriz.v Line: 91
Warning (14026): LATCH primitive "controlMatriz:comb_3|img_SE[6][3]" is permanently enabled File: C:/Users/User/Desktop/PBL.Circuito/controlMatriz.v Line: 91
Warning (14026): LATCH primitive "controlMatriz:comb_3|img_SE[4][3]" is permanently enabled File: C:/Users/User/Desktop/PBL.Circuito/controlMatriz.v Line: 91
Warning (14026): LATCH primitive "controlMatriz:comb_3|img_SE[5][3]" is permanently enabled File: C:/Users/User/Desktop/PBL.Circuito/controlMatriz.v Line: 91
Warning (14026): LATCH primitive "controlMatriz:comb_3|img_SE[0][2]" is permanently enabled File: C:/Users/User/Desktop/PBL.Circuito/controlMatriz.v Line: 91
Warning (14026): LATCH primitive "controlMatriz:comb_3|img_SE[1][2]" is permanently enabled File: C:/Users/User/Desktop/PBL.Circuito/controlMatriz.v Line: 91
Warning (14026): LATCH primitive "controlMatriz:comb_3|img_SE[2][2]" is permanently enabled File: C:/Users/User/Desktop/PBL.Circuito/controlMatriz.v Line: 91
Warning (14026): LATCH primitive "controlMatriz:comb_3|img_SE[3][2]" is permanently enabled File: C:/Users/User/Desktop/PBL.Circuito/controlMatriz.v Line: 91
Warning (14026): LATCH primitive "controlMatriz:comb_3|img_SE[6][2]" is permanently enabled File: C:/Users/User/Desktop/PBL.Circuito/controlMatriz.v Line: 91
Warning (14026): LATCH primitive "controlMatriz:comb_3|img_SE[4][2]" is permanently enabled File: C:/Users/User/Desktop/PBL.Circuito/controlMatriz.v Line: 91
Warning (14026): LATCH primitive "controlMatriz:comb_3|img_SE[5][2]" is permanently enabled File: C:/Users/User/Desktop/PBL.Circuito/controlMatriz.v Line: 91
Warning (14026): LATCH primitive "controlMatriz:comb_3|img_SE[0][1]" is permanently enabled File: C:/Users/User/Desktop/PBL.Circuito/controlMatriz.v Line: 91
Warning (14026): LATCH primitive "controlMatriz:comb_3|img_SE[1][1]" is permanently enabled File: C:/Users/User/Desktop/PBL.Circuito/controlMatriz.v Line: 91
Warning (14026): LATCH primitive "controlMatriz:comb_3|img_SE[2][1]" is permanently enabled File: C:/Users/User/Desktop/PBL.Circuito/controlMatriz.v Line: 91
Warning (14026): LATCH primitive "controlMatriz:comb_3|img_SE[3][1]" is permanently enabled File: C:/Users/User/Desktop/PBL.Circuito/controlMatriz.v Line: 91
Warning (14026): LATCH primitive "controlMatriz:comb_3|img_SE[6][1]" is permanently enabled File: C:/Users/User/Desktop/PBL.Circuito/controlMatriz.v Line: 91
Warning (14026): LATCH primitive "controlMatriz:comb_3|img_SE[4][1]" is permanently enabled File: C:/Users/User/Desktop/PBL.Circuito/controlMatriz.v Line: 91
Warning (14026): LATCH primitive "controlMatriz:comb_3|img_SE[5][1]" is permanently enabled File: C:/Users/User/Desktop/PBL.Circuito/controlMatriz.v Line: 91
Warning (14026): LATCH primitive "controlMatriz:comb_3|img_SE[0][0]" is permanently enabled File: C:/Users/User/Desktop/PBL.Circuito/controlMatriz.v Line: 91
Warning (14026): LATCH primitive "controlMatriz:comb_3|img_SE[1][0]" is permanently enabled File: C:/Users/User/Desktop/PBL.Circuito/controlMatriz.v Line: 91
Warning (14026): LATCH primitive "controlMatriz:comb_3|img_SE[2][0]" is permanently enabled File: C:/Users/User/Desktop/PBL.Circuito/controlMatriz.v Line: 91
Warning (14026): LATCH primitive "controlMatriz:comb_3|img_SE[3][0]" is permanently enabled File: C:/Users/User/Desktop/PBL.Circuito/controlMatriz.v Line: 91
Warning (14026): LATCH primitive "controlMatriz:comb_3|img_SE[6][0]" is permanently enabled File: C:/Users/User/Desktop/PBL.Circuito/controlMatriz.v Line: 91
Warning (14026): LATCH primitive "controlMatriz:comb_3|img_SE[4][0]" is permanently enabled File: C:/Users/User/Desktop/PBL.Circuito/controlMatriz.v Line: 91
Warning (14026): LATCH primitive "controlMatriz:comb_3|img_SE[5][0]" is permanently enabled File: C:/Users/User/Desktop/PBL.Circuito/controlMatriz.v Line: 91
Warning (13024): Output pins are stuck at VCC or GND
    Warning (13410): Pin "COLUNA[4]" is stuck at GND File: C:/Users/User/Desktop/PBL.Circuito/mainCircuit.v Line: 15
    Warning (13410): Pin "COLUNA[0]" is stuck at GND File: C:/Users/User/Desktop/PBL.Circuito/mainCircuit.v Line: 15
Info (21057): Implemented 69 device resources after synthesis - the final resource count might be different
    Info (21058): Implemented 7 input pins
    Info (21059): Implemented 13 output pins
    Info (21061): Implemented 49 logic cells
Info (144001): Generated suppressed messages file C:/Users/User/Desktop/PBL.Circuito/output_files/ControlPatternLength.map.smsg
Info: Quartus Prime Analysis & Synthesis was successful. 0 errors, 46 warnings
    Info: Peak virtual memory: 4708 megabytes
    Info: Processing ended: Fri May 07 13:33:30 2021
    Info: Elapsed time: 00:00:12
    Info: Total CPU time (on all processors): 00:00:22


+------------------------------------------+
; Analysis & Synthesis Suppressed Messages ;
+------------------------------------------+
The suppressed messages can be found in C:/Users/User/Desktop/PBL.Circuito/output_files/ControlPatternLength.map.smsg.


